  main.cpp
e:\datastructure-algorithms\datastructure-algorithms\datastructure-algorithms\datastructure-algorithms\mybsttest.h(117): warning C4018: “<”: 有符号/无符号不匹配
e:\datastructure-algorithms\datastructure-algorithms\datastructure-algorithms\datastructure-algorithms\hashfunc.h(12): warning C4018: “<”: 有符号/无符号不匹配
e:\datastructure-algorithms\datastructure-algorithms\datastructure-algorithms\datastructure-algorithms\myvector.h(128): warning C4018: “<”: 有符号/无符号不匹配
  e:\datastructure-algorithms\datastructure-algorithms\datastructure-algorithms\datastructure-algorithms\myvector.h(127): note: 编译 类 模板 成员函数 "Object &MyVector<Object>::operator [](unsigned int)" 时
          with
          [
              Object=int
          ]
  e:\datastructure-algorithms\datastructure-algorithms\datastructure-algorithms\datastructure-algorithms\myvectortest.h(21): note: 参见对正在编译的函数 模板 实例化“Object &MyVector<Object>::operator [](unsigned int)”的引用
          with
          [
              Object=int
          ]
  e:\datastructure-algorithms\datastructure-algorithms\datastructure-algorithms\datastructure-algorithms\myvectortest.h(10): note: 参见对正在编译的 类 模板 实例化 "MyVector<int>" 的引用
e:\datastructure-algorithms\datastructure-algorithms\datastructure-algorithms\datastructure-algorithms\myhashprobing.h(75): warning C4018: “<”: 有符号/无符号不匹配
  e:\datastructure-algorithms\datastructure-algorithms\datastructure-algorithms\datastructure-algorithms\myhashprobing.h(74): note: 编译 类 模板 成员函数 "void MyProbingHash<int>::makeEmpty(void)" 时
  e:\datastructure-algorithms\datastructure-algorithms\datastructure-algorithms\datastructure-algorithms\myhashprobing.h(21): note: 参见对正在编译的函数 模板 实例化“void MyProbingHash<int>::makeEmpty(void)”的引用
  e:\datastructure-algorithms\datastructure-algorithms\datastructure-algorithms\datastructure-algorithms\myhashtest.h(40): note: 参见对正在编译的 类 模板 实例化 "MyProbingHash<int>" 的引用
e:\datastructure-algorithms\datastructure-algorithms\datastructure-algorithms\datastructure-algorithms\myhashprobing.h(86): warning C4018: “>”: 有符号/无符号不匹配
  e:\datastructure-algorithms\datastructure-algorithms\datastructure-algorithms\datastructure-algorithms\myhashprobing.h(81): note: 编译 类 模板 成员函数 "bool MyProbingHash<int>::insert(const HashedObj &)" 时
          with
          [
              HashedObj=int
          ]
  e:\datastructure-algorithms\datastructure-algorithms\datastructure-algorithms\datastructure-algorithms\myhashtest.h(64): note: 参见对正在编译的函数 模板 实例化“bool MyProbingHash<int>::insert(const HashedObj &)”的引用
          with
          [
              HashedObj=int
          ]
e:\datastructure-algorithms\datastructure-algorithms\datastructure-algorithms\datastructure-algorithms\myhashprobing.h(114): warning C4018: “<”: 有符号/无符号不匹配
  e:\datastructure-algorithms\datastructure-algorithms\datastructure-algorithms\datastructure-algorithms\myhashprobing.h(106): note: 编译 类 模板 成员函数 "void MyProbingHash<int>::printInfo(void) const" 时
  e:\datastructure-algorithms\datastructure-algorithms\datastructure-algorithms\datastructure-algorithms\myhashtest.h(46): note: 参见对正在编译的函数 模板 实例化“void MyProbingHash<int>::printInfo(void) const”的引用
e:\datastructure-algorithms\datastructure-algorithms\datastructure-algorithms\datastructure-algorithms\myhashprobing.h(154): warning C4018: “>=”: 有符号/无符号不匹配
  e:\datastructure-algorithms\datastructure-algorithms\datastructure-algorithms\datastructure-algorithms\myhashprobing.h(144): note: 编译 类 模板 成员函数 "int MyProbingHash<int>::findPos(const HashedObj &) const" 时
          with
          [
              HashedObj=int
          ]
  e:\datastructure-algorithms\datastructure-algorithms\datastructure-algorithms\datastructure-algorithms\myhashprobing.h(68): note: 参见对正在编译的函数 模板 实例化“int MyProbingHash<int>::findPos(const HashedObj &) const”的引用
          with
          [
              HashedObj=int
          ]
  e:\datastructure-algorithms\datastructure-algorithms\datastructure-algorithms\datastructure-algorithms\myhashprobing.h(67): note: 编译 类 模板 成员函数 "bool MyProbingHash<int>::contains(const HashedObj &) const" 时
          with
          [
              HashedObj=int
          ]
  e:\datastructure-algorithms\datastructure-algorithms\datastructure-algorithms\datastructure-algorithms\myhashtest.h(79): note: 参见对正在编译的函数 模板 实例化“bool MyProbingHash<int>::contains(const HashedObj &) const”的引用
          with
          [
              HashedObj=int
          ]
e:\datastructure-algorithms\datastructure-algorithms\datastructure-algorithms\datastructure-algorithms\mytree.h(214): warning C4172: 返回局部变量或临时变量的地址
e:\datastructure-algorithms\datastructure-algorithms\datastructure-algorithms\datastructure-algorithms\mytree.h(202): warning C4172: 返回局部变量或临时变量的地址
e:\datastructure-algorithms\datastructure-algorithms\datastructure-algorithms\datastructure-algorithms\mytree.h(577): warning C4715: “BinarySearchTree<int>::isBST_4”: 不是所有的控件路径都返回值
e:\datastructure-algorithms\datastructure-algorithms\datastructure-algorithms\datastructure-algorithms\myhashprobing.h(50): warning C4715: “MyProbingHash<int>::HashEntry::operator=”: 不是所有的控件路径都返回值
  DataStructure-Algorithms.vcxproj -> E:\Datastructure-Algorithms\DataStructure-Algorithms\DataStructure-Algorithms\Debug\DataStructure-Algorithms.exe
